<?xml version="1.0" encoding="UTF-8"?>
<testng-results total="0" passed="0" failed="0" skipped="0">
  <reporter-output>
  </reporter-output>
  <suite started-at="2019-12-10T02:54:08Z" name="vn.cuong.jbenter.core.test.RoleTest" finished-at="2019-12-10T02:54:08Z" duration-ms="3">
    <groups>
    </groups>
    <test started-at="2019-12-10T02:54:08Z" name="Command line test" finished-at="2019-12-10T02:54:08Z" duration-ms="3">
    </test> <!-- Command line test -->
  </suite> <!-- vn.cuong.jbenter.core.test.RoleTest -->
</testng-results>
